{"level":"info","message":"GET /health - 200 - 7ms","timestamp":"2025-08-03 18:53:42"}
{"level":"info","message":"POST /api/v1/users/register - 400 - 41ms","timestamp":"2025-08-03 18:53:42"}
{"email":"test@example.com","level":"info","message":"Attempting user login","timestamp":"2025-08-03 18:53:42"}
{"email":"test@example.com","level":"warn","message":"Failed login attempt - User not found","timestamp":"2025-08-03 18:53:42"}
{"level":"info","message":"POST /api/v1/users/login - 404 - 121ms","timestamp":"2025-08-03 18:53:42"}
{"level":"info","message":"GET /api/v1/books - 200 - 61ms","timestamp":"2025-08-03 18:53:42"}
{"level":"info","message":"GET /api/v1/books/search?q=test - 400 - 4ms","timestamp":"2025-08-03 18:53:42"}
{"level":"info","message":"GET /api/v1/authors - 200 - 17ms","timestamp":"2025-08-03 18:53:42"}
{"level":"info","message":"GET /api/v1/genres - 200 - 17ms","timestamp":"2025-08-03 18:53:42"}
{"level":"info","message":"GET /health - 200 - 1ms","timestamp":"2025-08-03 18:56:06"}
{"level":"info","message":"POST /api/v1/users/register - 400 - 28ms","timestamp":"2025-08-03 18:56:06"}
{"email":"test20250803185606@example.com","level":"info","message":"Attempting user login","timestamp":"2025-08-03 18:56:06"}
{"email":"test20250803185606@example.com","level":"warn","message":"Failed login attempt - User not found","timestamp":"2025-08-03 18:56:06"}
{"level":"info","message":"POST /api/v1/users/login - 404 - 35ms","timestamp":"2025-08-03 18:56:06"}
{"level":"info","message":"GET /api/v1/books - 200 - 17ms","timestamp":"2025-08-03 18:56:06"}
{"level":"info","message":"GET /api/v1/books/search?q=book - 400 - 2ms","timestamp":"2025-08-03 18:56:06"}
{"level":"info","message":"GET /api/v1/authors - 200 - 20ms","timestamp":"2025-08-03 18:56:06"}
{"level":"info","message":"GET /api/v1/genres - 200 - 16ms","timestamp":"2025-08-03 18:56:06"}
{"level":"info","message":"GET /health - 200 - 1ms","timestamp":"2025-08-03 18:58:31"}
{"level":"info","message":"POST /api/v1/users/register - 400 - 18ms","timestamp":"2025-08-03 18:58:31"}
{"email":"test20250803185831@example.com","level":"info","message":"Attempting user login","timestamp":"2025-08-03 18:58:31"}
{"email":"test20250803185831@example.com","level":"warn","message":"Failed login attempt - User not found","timestamp":"2025-08-03 18:58:31"}
{"level":"info","message":"POST /api/v1/users/login - 404 - 34ms","timestamp":"2025-08-03 18:58:31"}
{"level":"info","message":"GET /api/v1/books - 200 - 19ms","timestamp":"2025-08-03 18:58:31"}
{"level":"info","message":"GET /api/v1/books/search?q=book - 400 - 3ms","timestamp":"2025-08-03 18:58:31"}
{"level":"info","message":"GET /api/v1/authors - 200 - 17ms","timestamp":"2025-08-03 18:58:31"}
{"level":"info","message":"GET /api/v1/genres - 200 - 15ms","timestamp":"2025-08-03 18:58:31"}
{"level":"info","message":"GET /health - 200 - 8ms","timestamp":"2025-08-03 19:00:59"}
{"email":"test20250803190059@example.com","level":"info","message":"Attempting to register new user","timestamp":"2025-08-03 19:01:00"}
{"email":"test20250803190059@example.com","error":"Registration failed: Error creating user: db already exists with different case already have: [BookStoreDB] trying to create [bookstoreDB]","level":"error","message":"Registration failed","timestamp":"2025-08-03 19:01:00"}
{"level":"info","message":"POST /api/v1/users/register - 500 - 734ms","timestamp":"2025-08-03 19:01:00"}
{"email":"test20250803190059@example.com","level":"info","message":"Attempting user login","timestamp":"2025-08-03 19:01:00"}
{"email":"test20250803190059@example.com","level":"warn","message":"Failed login attempt - User not found","timestamp":"2025-08-03 19:01:00"}
{"level":"info","message":"POST /api/v1/users/login - 404 - 35ms","timestamp":"2025-08-03 19:01:00"}
{"level":"info","message":"GET /api/v1/books - 200 - 22ms","timestamp":"2025-08-03 19:01:00"}
{"level":"info","message":"GET /api/v1/books/search?q=book - 500 - 18ms","timestamp":"2025-08-03 19:01:00"}
{"level":"info","message":"GET /api/v1/authors - 200 - 16ms","timestamp":"2025-08-03 19:01:00"}
{"level":"info","message":"GET /api/v1/genres - 200 - 17ms","timestamp":"2025-08-03 19:01:00"}
{"level":"info","message":"GET /health - 200 - 2ms","timestamp":"2025-08-03 19:04:53"}
{"email":"test20250803190453@example.com","level":"info","message":"Attempting to register new user","timestamp":"2025-08-03 19:04:53"}
{"email":"test20250803190453@example.com","error":"Registration failed: Error creating user: db already exists with different case already have: [BookStoreDB] trying to create [bookstoreDB]","level":"error","message":"Registration failed","timestamp":"2025-08-03 19:04:53"}
{"level":"info","message":"POST /api/v1/users/register - 500 - 577ms","timestamp":"2025-08-03 19:04:53"}
{"email":"test20250803190453@example.com","level":"info","message":"Attempting user login","timestamp":"2025-08-03 19:04:53"}
{"email":"test20250803190453@example.com","level":"warn","message":"Failed login attempt - User not found","timestamp":"2025-08-03 19:04:54"}
{"level":"info","message":"POST /api/v1/users/login - 404 - 38ms","timestamp":"2025-08-03 19:04:54"}
{"level":"info","message":"GET /api/v1/books - 200 - 105ms","timestamp":"2025-08-03 19:04:54"}
{"level":"info","message":"GET /api/v1/books/search?q=book - 500 - 21ms","timestamp":"2025-08-03 19:04:54"}
{"level":"info","message":"GET /api/v1/authors - 200 - 16ms","timestamp":"2025-08-03 19:04:54"}
{"level":"info","message":"GET /api/v1/genres - 200 - 15ms","timestamp":"2025-08-03 19:04:54"}
